<?xml version="1.0" encoding="UTF-8"?>
<!-- Generated by org.testng.reporters.JUnitReportReporter -->
<testsuite hostname="LTIN588457" failures="0" tests="2" name="miniproject_1.miniproject_1.OrangeHRMTest" time="15.088" errors="0" timestamp="2025-06-12T09:11:46 IST" skipped="0">
  <testcase classname="miniproject_1.miniproject_1.OrangeHRMTest" name="navigateToJobTitles" time="8.002"/>
  <testcase classname="miniproject_1.miniproject_1.OrangeHRMTest" name="loginTest" time="7.086"/>
</testsuite> <!-- miniproject_1.miniproject_1.OrangeHRMTest -->
